30-Sep-2024 09:56:08.171 INFO [main] org.apache.catalina.startup.VersionLoggerListener.log Server version name:   Apache Tomcat/10.1.30
30-Sep-2024 09:56:08.171 INFO [main] org.apache.catalina.startup.VersionLoggerListener.log Server built:          Sep 13 2024 20:26:16 UTC
30-Sep-2024 09:56:08.186 INFO [main] org.apache.catalina.startup.VersionLoggerListener.log Server version number: 10.1.30.0
30-Sep-2024 09:56:08.186 INFO [main] org.apache.catalina.startup.VersionLoggerListener.log OS Name:               Windows 11
30-Sep-2024 09:56:08.186 INFO [main] org.apache.catalina.startup.VersionLoggerListener.log OS Version:            10.0
30-Sep-2024 09:56:08.186 INFO [main] org.apache.catalina.startup.VersionLoggerListener.log Architecture:          amd64
30-Sep-2024 09:56:08.187 INFO [main] org.apache.catalina.startup.VersionLoggerListener.log Java Home:             C:\Program Files\Java\jdk-23
30-Sep-2024 09:56:08.187 INFO [main] org.apache.catalina.startup.VersionLoggerListener.log JVM Version:           23+37-2369
30-Sep-2024 09:56:08.187 INFO [main] org.apache.catalina.startup.VersionLoggerListener.log JVM Vendor:            Oracle Corporation
30-Sep-2024 09:56:08.187 INFO [main] org.apache.catalina.startup.VersionLoggerListener.log CATALINA_BASE:         D:\Specialization\24_sum\PRJ301\apache-tomcat-10.1.30-windows-x64\apache-tomcat-10.1.30
30-Sep-2024 09:56:08.187 INFO [main] org.apache.catalina.startup.VersionLoggerListener.log CATALINA_HOME:         D:\Specialization\24_sum\PRJ301\apache-tomcat-10.1.30-windows-x64\apache-tomcat-10.1.30
30-Sep-2024 09:56:08.197 INFO [main] org.apache.catalina.startup.VersionLoggerListener.log Command line argument: -Djava.util.logging.config.file=D:\Specialization\24_sum\PRJ301\apache-tomcat-10.1.30-windows-x64\apache-tomcat-10.1.30\conf\logging.properties
30-Sep-2024 09:56:08.197 INFO [main] org.apache.catalina.startup.VersionLoggerListener.log Command line argument: -Djava.util.logging.manager=org.apache.juli.ClassLoaderLogManager
30-Sep-2024 09:56:08.197 INFO [main] org.apache.catalina.startup.VersionLoggerListener.log Command line argument: -Djdk.tls.ephemeralDHKeySize=2048
30-Sep-2024 09:56:08.197 INFO [main] org.apache.catalina.startup.VersionLoggerListener.log Command line argument: -Djava.protocol.handler.pkgs=org.apache.catalina.webresources
30-Sep-2024 09:56:08.197 INFO [main] org.apache.catalina.startup.VersionLoggerListener.log Command line argument: --add-opens=java.base/java.lang=ALL-UNNAMED
30-Sep-2024 09:56:08.198 INFO [main] org.apache.catalina.startup.VersionLoggerListener.log Command line argument: --add-opens=java.base/java.io=ALL-UNNAMED
30-Sep-2024 09:56:08.198 INFO [main] org.apache.catalina.startup.VersionLoggerListener.log Command line argument: --add-opens=java.base/java.util=ALL-UNNAMED
30-Sep-2024 09:56:08.198 INFO [main] org.apache.catalina.startup.VersionLoggerListener.log Command line argument: --add-opens=java.base/java.util.concurrent=ALL-UNNAMED
30-Sep-2024 09:56:08.198 INFO [main] org.apache.catalina.startup.VersionLoggerListener.log Command line argument: --add-opens=java.rmi/sun.rmi.transport=ALL-UNNAMED
30-Sep-2024 09:56:08.198 INFO [main] org.apache.catalina.startup.VersionLoggerListener.log Command line argument: -Dcatalina.base=D:\Specialization\24_sum\PRJ301\apache-tomcat-10.1.30-windows-x64\apache-tomcat-10.1.30
30-Sep-2024 09:56:08.198 INFO [main] org.apache.catalina.startup.VersionLoggerListener.log Command line argument: -Dcatalina.home=D:\Specialization\24_sum\PRJ301\apache-tomcat-10.1.30-windows-x64\apache-tomcat-10.1.30
30-Sep-2024 09:56:08.198 INFO [main] org.apache.catalina.startup.VersionLoggerListener.log Command line argument: -Djava.io.tmpdir=D:\Specialization\24_sum\PRJ301\apache-tomcat-10.1.30-windows-x64\apache-tomcat-10.1.30\temp
30-Sep-2024 09:56:08.297 INFO [main] org.apache.catalina.core.AprLifecycleListener.lifecycleEvent Loaded Apache Tomcat Native library [2.0.8] using APR version [1.7.4].
30-Sep-2024 09:56:08.302 INFO [main] org.apache.catalina.core.AprLifecycleListener.initializeSSL OpenSSL successfully initialized [OpenSSL 3.0.14 4 Jun 2024]
30-Sep-2024 09:56:08.499 INFO [main] org.apache.coyote.AbstractProtocol.init Initializing ProtocolHandler ["http-nio-8080"]
30-Sep-2024 09:56:08.525 INFO [main] org.apache.catalina.startup.Catalina.load Server initialization in [478] milliseconds
30-Sep-2024 09:56:08.557 INFO [main] org.apache.catalina.core.StandardService.startInternal Starting service [Catalina]
30-Sep-2024 09:56:08.557 INFO [main] org.apache.catalina.core.StandardEngine.startInternal Starting Servlet engine: [Apache Tomcat/10.1.30]
30-Sep-2024 09:56:08.564 INFO [main] org.apache.catalina.startup.HostConfig.deployDescriptor Deploying deployment descriptor [D:\Specialization\24_sum\PRJ301\apache-tomcat-10.1.30-windows-x64\apache-tomcat-10.1.30\conf\Catalina\localhost\FORUSER_Ex5.xml]
30-Sep-2024 09:56:08.575 WARNING [main] org.apache.catalina.startup.HostConfig.deployDescriptor The path attribute with value [/FORUSER_Ex5] in deployment descriptor [D:\Specialization\24_sum\PRJ301\apache-tomcat-10.1.30-windows-x64\apache-tomcat-10.1.30\conf\Catalina\localhost\FORUSER_Ex5.xml] has been ignored
30-Sep-2024 09:56:08.783 INFO [main] org.apache.catalina.startup.HostConfig.deployDescriptor Deployment of deployment descriptor [D:\Specialization\24_sum\PRJ301\apache-tomcat-10.1.30-windows-x64\apache-tomcat-10.1.30\conf\Catalina\localhost\FORUSER_Ex5.xml] has finished in [219] ms
30-Sep-2024 09:56:08.784 INFO [main] org.apache.catalina.startup.HostConfig.deployDirectory Deploying web application directory [D:\Specialization\24_sum\PRJ301\apache-tomcat-10.1.30-windows-x64\apache-tomcat-10.1.30\webapps\docs]
30-Sep-2024 09:56:08.808 INFO [main] org.apache.catalina.startup.HostConfig.deployDirectory Deployment of web application directory [D:\Specialization\24_sum\PRJ301\apache-tomcat-10.1.30-windows-x64\apache-tomcat-10.1.30\webapps\docs] has finished in [24] ms
30-Sep-2024 09:56:08.808 INFO [main] org.apache.catalina.startup.HostConfig.deployDirectory Deploying web application directory [D:\Specialization\24_sum\PRJ301\apache-tomcat-10.1.30-windows-x64\apache-tomcat-10.1.30\webapps\examples]
30-Sep-2024 09:56:09.232 INFO [main] org.apache.catalina.startup.HostConfig.deployDirectory Deployment of web application directory [D:\Specialization\24_sum\PRJ301\apache-tomcat-10.1.30-windows-x64\apache-tomcat-10.1.30\webapps\examples] has finished in [424] ms
30-Sep-2024 09:56:09.232 INFO [main] org.apache.catalina.startup.HostConfig.deployDirectory Deploying web application directory [D:\Specialization\24_sum\PRJ301\apache-tomcat-10.1.30-windows-x64\apache-tomcat-10.1.30\webapps\host-manager]
30-Sep-2024 09:56:09.252 INFO [main] org.apache.catalina.startup.HostConfig.deployDirectory Deployment of web application directory [D:\Specialization\24_sum\PRJ301\apache-tomcat-10.1.30-windows-x64\apache-tomcat-10.1.30\webapps\host-manager] has finished in [20] ms
30-Sep-2024 09:56:09.252 INFO [main] org.apache.catalina.startup.HostConfig.deployDirectory Deploying web application directory [D:\Specialization\24_sum\PRJ301\apache-tomcat-10.1.30-windows-x64\apache-tomcat-10.1.30\webapps\manager]
30-Sep-2024 09:56:09.282 INFO [main] org.apache.catalina.startup.HostConfig.deployDirectory Deployment of web application directory [D:\Specialization\24_sum\PRJ301\apache-tomcat-10.1.30-windows-x64\apache-tomcat-10.1.30\webapps\manager] has finished in [29] ms
30-Sep-2024 09:56:09.282 INFO [main] org.apache.catalina.startup.HostConfig.deployDirectory Deploying web application directory [D:\Specialization\24_sum\PRJ301\apache-tomcat-10.1.30-windows-x64\apache-tomcat-10.1.30\webapps\ROOT]
30-Sep-2024 09:56:09.294 INFO [main] org.apache.catalina.startup.HostConfig.deployDirectory Deployment of web application directory [D:\Specialization\24_sum\PRJ301\apache-tomcat-10.1.30-windows-x64\apache-tomcat-10.1.30\webapps\ROOT] has finished in [12] ms
30-Sep-2024 09:56:09.297 INFO [main] org.apache.coyote.AbstractProtocol.start Starting ProtocolHandler ["http-nio-8080"]
30-Sep-2024 09:56:09.314 INFO [main] org.apache.catalina.startup.Catalina.start Server startup in [788] milliseconds
30-Sep-2024 09:56:10.605 INFO [http-nio-8080-exec-9] org.apache.catalina.startup.HostConfig.deployDescriptor Deploying deployment descriptor [D:\Specialization\24_sum\PRJ301\apache-tomcat-10.1.30-windows-x64\apache-tomcat-10.1.30\conf\Catalina\localhost\SessionLoginLogout.xml]
30-Sep-2024 09:56:10.605 WARNING [http-nio-8080-exec-9] org.apache.catalina.startup.HostConfig.deployDescriptor The path attribute with value [/SessionLoginLogout] in deployment descriptor [D:\Specialization\24_sum\PRJ301\apache-tomcat-10.1.30-windows-x64\apache-tomcat-10.1.30\conf\Catalina\localhost\SessionLoginLogout.xml] has been ignored
30-Sep-2024 09:56:10.630 INFO [http-nio-8080-exec-9] org.apache.catalina.startup.HostConfig.deployDescriptor Deployment of deployment descriptor [D:\Specialization\24_sum\PRJ301\apache-tomcat-10.1.30-windows-x64\apache-tomcat-10.1.30\conf\Catalina\localhost\SessionLoginLogout.xml] has finished in [25] ms
30-Sep-2024 09:56:10.633 INFO [http-nio-8080-exec-10] org.apache.catalina.util.LifecycleBase.start The start() method was called on component [StandardEngine[Catalina].StandardHost[localhost].StandardContext[/SessionLoginLogout]] after start() had already been called. The second call will be ignored.
30-Sep-2024 10:05:03.681 INFO [http-nio-8080-exec-1] org.apache.catalina.startup.HostConfig.deployDescriptor Deploying deployment descriptor [D:\Specialization\24_sum\PRJ301\apache-tomcat-10.1.30-windows-x64\apache-tomcat-10.1.30\conf\Catalina\localhost\Ws1_Cookie.xml]
30-Sep-2024 10:05:03.681 WARNING [http-nio-8080-exec-1] org.apache.catalina.startup.HostConfig.deployDescriptor The path attribute with value [/Ws1_Cookie] in deployment descriptor [D:\Specialization\24_sum\PRJ301\apache-tomcat-10.1.30-windows-x64\apache-tomcat-10.1.30\conf\Catalina\localhost\Ws1_Cookie.xml] has been ignored
30-Sep-2024 10:05:03.700 INFO [http-nio-8080-exec-1] org.apache.catalina.startup.HostConfig.deployDescriptor Deployment of deployment descriptor [D:\Specialization\24_sum\PRJ301\apache-tomcat-10.1.30-windows-x64\apache-tomcat-10.1.30\conf\Catalina\localhost\Ws1_Cookie.xml] has finished in [19] ms
30-Sep-2024 10:05:03.703 INFO [http-nio-8080-exec-2] org.apache.catalina.util.LifecycleBase.start The start() method was called on component [StandardEngine[Catalina].StandardHost[localhost].StandardContext[/Ws1_Cookie]] after start() had already been called. The second call will be ignored.
30-Sep-2024 10:09:30.681 INFO [http-nio-8080-exec-1] org.apache.catalina.core.StandardContext.reload Reloading Context with name [/Ws1_Cookie] has started
30-Sep-2024 10:09:30.699 INFO [http-nio-8080-exec-1] org.apache.catalina.core.StandardContext.reload Reloading Context with name [/Ws1_Cookie] is completed
30-Sep-2024 10:13:01.015 INFO [http-nio-8080-exec-13] org.apache.catalina.core.StandardContext.reload Reloading Context with name [/SessionLoginLogout] has started
30-Sep-2024 10:13:01.033 INFO [http-nio-8080-exec-13] org.apache.catalina.core.StandardContext.reload Reloading Context with name [/SessionLoginLogout] is completed
30-Sep-2024 10:13:15.668 INFO [http-nio-8080-exec-10] org.apache.catalina.core.StandardContext.reload Reloading Context with name [/SessionLoginLogout] has started
30-Sep-2024 10:13:15.683 INFO [http-nio-8080-exec-10] org.apache.catalina.core.StandardContext.reload Reloading Context with name [/SessionLoginLogout] is completed
30-Sep-2024 10:24:38.451 INFO [main] org.apache.catalina.core.StandardServer.await A valid shutdown command was received via the shutdown port. Stopping the Server instance.
30-Sep-2024 10:24:38.451 INFO [main] org.apache.coyote.AbstractProtocol.pause Pausing ProtocolHandler ["http-nio-8080"]
30-Sep-2024 10:24:38.454 INFO [main] org.apache.catalina.core.StandardService.stopInternal Stopping service [Catalina]
30-Sep-2024 10:24:38.466 INFO [main] org.apache.coyote.AbstractProtocol.stop Stopping ProtocolHandler ["http-nio-8080"]
30-Sep-2024 10:24:38.490 INFO [main] org.apache.coyote.AbstractProtocol.destroy Destroying ProtocolHandler ["http-nio-8080"]
